{"/home/docme-user/Desktop/test/test_react_codes/src/App.jsx": {"path":"/home/docme-user/Desktop/test/test_react_codes/src/App.jsx","all":false,"statementMap":{"0":{"start":{"line":1,"column":0},"end":{"line":1,"column":43}},"1":{"start":{"line":2,"column":0},"end":{"line":2,"column":19}},"2":{"start":{"line":3,"column":0},"end":{"line":3,"column":0}},"3":{"start":{"line":4,"column":0},"end":{"line":4,"column":16}},"4":{"start":{"line":5,"column":0},"end":{"line":5,"column":40}},"5":{"start":{"line":6,"column":0},"end":{"line":6,"column":0}},"6":{"start":{"line":7,"column":0},"end":{"line":7,"column":10}},"7":{"start":{"line":8,"column":0},"end":{"line":8,"column":14}},"8":{"start":{"line":9,"column":0},"end":{"line":9,"column":45}},"9":{"start":{"line":10,"column":0},"end":{"line":10,"column":27}},"10":{"start":{"line":11,"column":0},"end":{"line":11,"column":74}},"11":{"start":{"line":12,"column":0},"end":{"line":12,"column":15}},"12":{"start":{"line":13,"column":0},"end":{"line":13,"column":4}},"13":{"start":{"line":14,"column":0},"end":{"line":14,"column":1}},"14":{"start":{"line":15,"column":0},"end":{"line":15,"column":0}},"15":{"start":{"line":16,"column":0},"end":{"line":16,"column":19}}},"s":{"0":1,"1":1,"2":1,"3":2,"4":2,"5":2,"6":2,"7":2,"8":2,"9":2,"10":2,"11":2,"12":2,"13":2,"14":1,"15":1},"branchMap":{"0":{"type":"branch","line":4,"loc":{"start":{"line":4,"column":0},"end":{"line":14,"column":1}},"locations":[{"start":{"line":4,"column":0},"end":{"line":14,"column":1}}]},"1":{"type":"branch","line":11,"loc":{"start":{"line":11,"column":23},"end":{"line":11,"column":59}},"locations":[{"start":{"line":11,"column":23},"end":{"line":11,"column":59}}]},"2":{"type":"branch","line":11,"loc":{"start":{"line":11,"column":38},"end":{"line":11,"column":56}},"locations":[{"start":{"line":11,"column":38},"end":{"line":11,"column":56}}]}},"b":{"0":[2],"1":[1],"2":[1]},"fnMap":{"0":{"name":"App","decl":{"start":{"line":4,"column":0},"end":{"line":14,"column":1}},"loc":{"start":{"line":4,"column":0},"end":{"line":14,"column":1}},"line":4},"1":{"name":"onClick","decl":{"start":{"line":11,"column":23},"end":{"line":11,"column":59}},"loc":{"start":{"line":11,"column":23},"end":{"line":11,"column":59}},"line":11}},"f":{"0":2,"1":1}}
,"/home/docme-user/Desktop/test/test_react_codes/src/main.jsx": {"path":"/home/docme-user/Desktop/test/test_react_codes/src/main.jsx","all":true,"statementMap":{"0":{"start":{"line":1,"column":0},"end":{"line":1,"column":25}},"1":{"start":{"line":2,"column":0},"end":{"line":2,"column":39}},"2":{"start":{"line":3,"column":0},"end":{"line":3,"column":27}},"3":{"start":{"line":4,"column":0},"end":{"line":4,"column":20}},"4":{"start":{"line":5,"column":0},"end":{"line":5,"column":0}},"5":{"start":{"line":6,"column":0},"end":{"line":6,"column":60}},"6":{"start":{"line":7,"column":0},"end":{"line":7,"column":20}},"7":{"start":{"line":8,"column":0},"end":{"line":8,"column":11}},"8":{"start":{"line":9,"column":0},"end":{"line":9,"column":22}},"9":{"start":{"line":10,"column":0},"end":{"line":10,"column":1}}},"s":{"0":0,"1":0,"2":0,"3":0,"4":0,"5":0,"6":0,"7":0,"8":0,"9":0},"branchMap":{"0":{"type":"branch","line":1,"loc":{"start":{"line":1,"column":0},"end":{"line":10,"column":1}},"locations":[{"start":{"line":1,"column":0},"end":{"line":10,"column":1}}]}},"b":{"0":[0]},"fnMap":{"0":{"name":"(empty-report)","decl":{"start":{"line":1,"column":0},"end":{"line":10,"column":1}},"loc":{"start":{"line":1,"column":0},"end":{"line":10,"column":1}},"line":1}},"f":{"0":0}}
,"/home/docme-user/Desktop/test/test_react_codes/src/components/Button.jsx": {"path":"/home/docme-user/Desktop/test/test_react_codes/src/components/Button.jsx","all":false,"statementMap":{"0":{"start":{"line":1,"column":0},"end":{"line":1,"column":36}},"1":{"start":{"line":2,"column":0},"end":{"line":2,"column":26}},"2":{"start":{"line":3,"column":0},"end":{"line":3,"column":0}},"3":{"start":{"line":4,"column":0},"end":{"line":4,"column":37}},"4":{"start":{"line":5,"column":0},"end":{"line":5,"column":46}},"5":{"start":{"line":6,"column":0},"end":{"line":6,"column":2}},"6":{"start":{"line":7,"column":0},"end":{"line":7,"column":0}},"7":{"start":{"line":8,"column":0},"end":{"line":8,"column":22}}},"s":{"0":1,"1":1,"2":1,"3":1,"4":1,"5":1,"6":1,"7":1},"branchMap":{"0":{"type":"branch","line":4,"loc":{"start":{"line":4,"column":15},"end":{"line":6,"column":2}},"locations":[{"start":{"line":4,"column":15},"end":{"line":6,"column":2}}]}},"b":{"0":[1]},"fnMap":{"0":{"name":"Button","decl":{"start":{"line":4,"column":15},"end":{"line":6,"column":2}},"loc":{"start":{"line":4,"column":15},"end":{"line":6,"column":2}},"line":4}},"f":{"0":1}}
,"/home/docme-user/Desktop/test/test_react_codes/src/components/hooks/useCounter.js": {"path":"/home/docme-user/Desktop/test/test_react_codes/src/components/hooks/useCounter.js","all":false,"statementMap":{"0":{"start":{"line":1,"column":0},"end":{"line":1,"column":67}},"1":{"start":{"line":2,"column":0},"end":{"line":2,"column":0}},"2":{"start":{"line":3,"column":0},"end":{"line":3,"column":49}},"3":{"start":{"line":4,"column":0},"end":{"line":4,"column":51}},"4":{"start":{"line":5,"column":0},"end":{"line":5,"column":0}},"5":{"start":{"line":6,"column":0},"end":{"line":6,"column":29}},"6":{"start":{"line":7,"column":0},"end":{"line":7,"column":33}},"7":{"start":{"line":8,"column":0},"end":{"line":8,"column":4}},"8":{"start":{"line":9,"column":0},"end":{"line":9,"column":0}},"9":{"start":{"line":10,"column":0},"end":{"line":10,"column":29}},"10":{"start":{"line":11,"column":0},"end":{"line":11,"column":33}},"11":{"start":{"line":12,"column":0},"end":{"line":12,"column":4}},"12":{"start":{"line":13,"column":0},"end":{"line":13,"column":0}},"13":{"start":{"line":14,"column":0},"end":{"line":14,"column":45}},"14":{"start":{"line":15,"column":0},"end":{"line":15,"column":2}}},"s":{"0":1,"1":1,"2":1,"3":9,"4":9,"5":9,"6":3,"7":9,"8":9,"9":9,"10":1,"11":9,"12":9,"13":9,"14":9},"branchMap":{"0":{"type":"branch","line":3,"loc":{"start":{"line":3,"column":26},"end":{"line":15,"column":2}},"locations":[{"start":{"line":3,"column":26},"end":{"line":15,"column":2}}]},"1":{"type":"branch","line":6,"loc":{"start":{"line":6,"column":22},"end":{"line":8,"column":3}},"locations":[{"start":{"line":6,"column":22},"end":{"line":8,"column":3}}]},"2":{"type":"branch","line":7,"loc":{"start":{"line":7,"column":13},"end":{"line":7,"column":31}},"locations":[{"start":{"line":7,"column":13},"end":{"line":7,"column":31}}]},"3":{"type":"branch","line":10,"loc":{"start":{"line":10,"column":22},"end":{"line":12,"column":3}},"locations":[{"start":{"line":10,"column":22},"end":{"line":12,"column":3}}]},"4":{"type":"branch","line":11,"loc":{"start":{"line":11,"column":13},"end":{"line":11,"column":31}},"locations":[{"start":{"line":11,"column":13},"end":{"line":11,"column":31}}]}},"b":{"0":[9],"1":[3],"2":[3],"3":[1],"4":[1]},"fnMap":{"0":{"name":"useCounter","decl":{"start":{"line":3,"column":26},"end":{"line":15,"column":2}},"loc":{"start":{"line":3,"column":26},"end":{"line":15,"column":2}},"line":3},"1":{"name":"onIncrement","decl":{"start":{"line":6,"column":22},"end":{"line":8,"column":3}},"loc":{"start":{"line":6,"column":22},"end":{"line":8,"column":3}},"line":6},"2":{"name":"onDecrement","decl":{"start":{"line":10,"column":22},"end":{"line":12,"column":3}},"loc":{"start":{"line":10,"column":22},"end":{"line":12,"column":3}},"line":10}},"f":{"0":9,"1":3,"2":1}}
}
